<?xml version="1.0" encoding="utf-8"?><testsuites name="pytest tests"><testsuite name="pytest" errors="0" failures="0" skipped="0" tests="9" time="2.682" timestamp="2026-08-19T16:51:03.952480+00:00" hostname="agent-env-1fa8f251-7e80-4614-8c13-30958ffe25be"><testcase classname="tests.test_dynamic_data" name="test_opportunities_list_returns_seeded_data" time="0.308" /><testcase classname="tests.test_skillbridge_api" name="test_health_database_connected" time="0.211" /><testcase classname="tests.test_skillbridge_api" name="test_user_upsert_persists_profile" time="0.315" /><testcase classname="tests.test_dynamic_data" name="test_single_opportunity_returns_object" time="0.132" /><testcase classname="tests.test_dynamic_data" name="test_single_opportunity_not_found" time="0.138" /><testcase classname="tests.test_skillbridge_api" name="test_application_persists_and_saved_toggle_round_trip" time="0.846" /><testcase classname="tests.test_dynamic_data" name="test_personalised_score_reflects_user_skills" time="0.706" /><testcase classname="tests.test_dynamic_data" name="test_updating_skills_changes_scores" time="0.654" /><testcase classname="tests.test_dynamic_data" name="test_opportunities_sorted_by_score_desc" time="0.117" /></testsuite></testsuites>