<?xml version="1.0" encoding="utf-8"?><testsuites name="pytest tests"><testsuite name="pytest" errors="0" failures="0" skipped="0" tests="3" time="2.016" timestamp="2026-08-19T07:08:43.832480+00:00" hostname="agent-env-1fa8f251-7e80-4614-8c13-30958ffe25be"><testcase classname="tests.test_skillbridge_api" name="test_health_database_connected" time="0.325" /><testcase classname="tests.test_skillbridge_api" name="test_user_upsert_persists_profile" time="0.386" /><testcase classname="tests.test_skillbridge_api" name="test_application_persists_and_saved_toggle_round_trip" time="0.789" /></testsuite></testsuites>